
--- ERROR 2026-02-17T09:14:38.374Z ---
Message: next is not a function
Stack: TypeError: next is not a function
    at model.<anonymous> (C:\Users\ajay1\Downloads\Jeweller\Jeweller\Backend\models\productModel.js:108:5)
    at Kareem.execPre (C:\Users\ajay1\Downloads\Jeweller\Jeweller\Backend\node_modules\kareem\index.js:68:39)
    at process.processTicksAndRejections (node:internal/process/task_queues:95:5)
    at async model.$__save (C:\Users\ajay1\Downloads\Jeweller\Jeweller\Backend\node_modules\mongoose\lib\model.js:371:5)
    at async model.save (C:\Users\ajay1\Downloads\Jeweller\Jeweller\Backend\node_modules\mongoose\lib\model.js:614:5)
    at async C:\Users\ajay1\Downloads\Jeweller\Jeweller\Backend\routes\productRoutes.js:265:28
--------------------------

--- ERROR 2026-02-17T09:23:44.037Z ---
Message: No matching document found for id "699417452282ae6f48439616" version 5 modifiedPaths "images"
Stack: VersionError: No matching document found for id "699417452282ae6f48439616" version 5 modifiedPaths "images"
    at generateVersionError (C:\Users\ajay1\Downloads\Jeweller\Jeweller\Backend\node_modules\mongoose\lib\model.js:539:10)
    at model.save (C:\Users\ajay1\Downloads\Jeweller\Jeweller\Backend\node_modules\mongoose\lib\model.js:600:28)
    at C:\Users\ajay1\Downloads\Jeweller\Jeweller\Backend\routes\productRoutes.js:265:42
    at process.processTicksAndRejections (node:internal/process/task_queues:95:5)
--------------------------

--- ERROR 2026-02-17T09:28:58.513Z ---
Message: No matching document found for id "699417452282ae6f48439614" version 2 modifiedPaths "images"
Stack: VersionError: No matching document found for id "699417452282ae6f48439614" version 2 modifiedPaths "images"
    at generateVersionError (C:\Users\ajay1\Downloads\Jeweller\Jeweller\Backend\node_modules\mongoose\lib\model.js:539:10)
    at model.save (C:\Users\ajay1\Downloads\Jeweller\Jeweller\Backend\node_modules\mongoose\lib\model.js:600:28)
    at C:\Users\ajay1\Downloads\Jeweller\Jeweller\Backend\routes\productRoutes.js:265:42
    at process.processTicksAndRejections (node:internal/process/task_queues:95:5)
--------------------------

--- ERROR 2026-02-17T10:15:34.588Z ---
Message: Invalid email or password
Stack: Error: Invalid email or password
    at C:\Users\ajay1\Downloads\Jeweller\Jeweller\Backend\routes\userRoutes.js:150:15
--------------------------

--- ERROR 2026-02-18T07:12:14.678Z ---
Message: Invalid email or password
Stack: Error: Invalid email or password
    at C:\Users\ajay1\Downloads\Jeweller\Jeweller\Backend\routes\userRoutes.js:150:15
--------------------------

--- ERROR 2026-02-18T07:31:03.639Z ---
Message: Insufficient stock
Stack: Error: Insufficient stock
    at C:\Users\ajay1\Downloads\Jeweller\Jeweller\Backend\routes\cartRoutes.js:44:15
    at process.processTicksAndRejections (node:internal/process/task_queues:95:5)
--------------------------

--- ERROR 2026-02-18T07:31:06.202Z ---
Message: Insufficient stock
Stack: Error: Insufficient stock
    at C:\Users\ajay1\Downloads\Jeweller\Jeweller\Backend\routes\cartRoutes.js:44:15
    at process.processTicksAndRejections (node:internal/process/task_queues:95:5)
--------------------------

--- ERROR 2026-02-18T07:31:07.222Z ---
Message: Insufficient stock
Stack: Error: Insufficient stock
    at C:\Users\ajay1\Downloads\Jeweller\Jeweller\Backend\routes\cartRoutes.js:44:15
    at process.processTicksAndRejections (node:internal/process/task_queues:95:5)
--------------------------

--- ERROR 2026-02-18T07:31:10.958Z ---
Message: Insufficient stock
Stack: Error: Insufficient stock
    at C:\Users\ajay1\Downloads\Jeweller\Jeweller\Backend\routes\cartRoutes.js:44:15
    at process.processTicksAndRejections (node:internal/process/task_queues:95:5)
--------------------------

--- ERROR 2026-02-18T07:31:11.664Z ---
Message: Insufficient stock
Stack: Error: Insufficient stock
    at C:\Users\ajay1\Downloads\Jeweller\Jeweller\Backend\routes\cartRoutes.js:44:15
    at process.processTicksAndRejections (node:internal/process/task_queues:95:5)
--------------------------

--- ERROR 2026-02-18T07:31:13.647Z ---
Message: Insufficient stock
Stack: Error: Insufficient stock
    at C:\Users\ajay1\Downloads\Jeweller\Jeweller\Backend\routes\cartRoutes.js:44:15
    at process.processTicksAndRejections (node:internal/process/task_queues:95:5)
--------------------------

--- ERROR 2026-02-18T07:36:33.697Z ---
Message: Invalid email or password
Stack: Error: Invalid email or password
    at C:\Users\ajay1\Downloads\Jeweller\Jeweller\Backend\routes\userRoutes.js:150:15
--------------------------

--- ERROR 2026-02-18T08:09:09.393Z ---
Message: Insufficient stock
Stack: Error: Insufficient stock
    at C:\Users\ajay1\Downloads\Jeweller\Jeweller\Backend\routes\cartRoutes.js:44:15
    at process.processTicksAndRejections (node:internal/process/task_queues:95:5)
--------------------------

--- ERROR 2026-02-18T08:23:02.470Z ---
Message: Insufficient stock
Stack: Error: Insufficient stock
    at C:\Users\ajay1\Downloads\Jeweller\Jeweller\Backend\routes\cartRoutes.js:44:15
    at process.processTicksAndRejections (node:internal/process/task_queues:95:5)
--------------------------

--- ERROR 2026-02-18T08:23:07.018Z ---
Message: Insufficient stock
Stack: Error: Insufficient stock
    at C:\Users\ajay1\Downloads\Jeweller\Jeweller\Backend\routes\cartRoutes.js:44:15
    at process.processTicksAndRejections (node:internal/process/task_queues:95:5)
--------------------------

--- ERROR 2026-02-24T06:57:17.686Z ---
Message: User validation failed: name: Path `name` is required.
Stack: ValidationError: User validation failed: name: Path `name` is required.
    at Document.invalidate (C:\Users\ajay1\Downloads\Jeweller\Jeweller\Backend\node_modules\mongoose\lib\document.js:3405:32)
    at validatePath (C:\Users\ajay1\Downloads\Jeweller\Jeweller\Backend\node_modules\mongoose\lib\document.js:3177:13)
    at process.processTicksAndRejections (node:internal/process/task_queues:95:5)
    at async Promise.all (index 0)
    at async model.$__validate (C:\Users\ajay1\Downloads\Jeweller\Jeweller\Backend\node_modules\mongoose\lib\document.js:3118:3)
    at async model.validate (C:\Users\ajay1\Downloads\Jeweller\Jeweller\Backend\node_modules\mongoose\lib\document.js:2687:5)
    at async model.validateBeforeSavePreSave (C:\Users\ajay1\Downloads\Jeweller\Jeweller\Backend\node_modules\mongoose\lib\plugins\validateBeforeSave.js:39:5)
    at async Kareem.execPre (C:\Users\ajay1\Downloads\Jeweller\Jeweller\Backend\node_modules\kareem\index.js:70:24)
    at async model.$__save (C:\Users\ajay1\Downloads\Jeweller\Jeweller\Backend\node_modules\mongoose\lib\model.js:371:5)
    at async model.save (C:\Users\ajay1\Downloads\Jeweller\Jeweller\Backend\node_modules\mongoose\lib\model.js:614:5)
--------------------------

--- ERROR 2026-02-24T07:10:06.946Z ---
Message: next is not a function
Stack: TypeError: next is not a function
    at model.<anonymous> (C:\Users\ajay1\Downloads\Jeweller\Jeweller\Backend\models\userModel.js:46:9)
    at Kareem.execPre (C:\Users\ajay1\Downloads\Jeweller\Jeweller\Backend\node_modules\kareem\index.js:68:39)
    at process.processTicksAndRejections (node:internal/process/task_queues:95:5)
    at async model.$__save (C:\Users\ajay1\Downloads\Jeweller\Jeweller\Backend\node_modules\mongoose\lib\model.js:371:5)
    at async model.save (C:\Users\ajay1\Downloads\Jeweller\Jeweller\Backend\node_modules\mongoose\lib\model.js:614:5)
    at async C:\Users\ajay1\Downloads\Jeweller\Jeweller\Backend\routes\userRoutes.js:298:21
--------------------------

--- ERROR 2026-02-24T07:24:57.715Z ---
Message: Invalid email or password
Stack: Error: Invalid email or password
    at C:\Users\ajay1\Downloads\Jeweller\Jeweller\Backend\routes\userRoutes.js:150:15
--------------------------

--- ERROR 2026-02-24T07:45:44.261Z ---
Message: next is not a function
Stack: TypeError: next is not a function
    at model.<anonymous> (C:\Users\ajay1\Downloads\Jeweller\Jeweller\Backend\models\orderModel.js:142:9)
    at Kareem.execPre (C:\Users\ajay1\Downloads\Jeweller\Jeweller\Backend\node_modules\kareem\index.js:68:39)
    at process.processTicksAndRejections (node:internal/process/task_queues:95:5)
    at async model.$__save (C:\Users\ajay1\Downloads\Jeweller\Jeweller\Backend\node_modules\mongoose\lib\model.js:371:5)
    at async model.save (C:\Users\ajay1\Downloads\Jeweller\Jeweller\Backend\node_modules\mongoose\lib\model.js:614:5)
    at async C:\Users\ajay1\Downloads\Jeweller\Jeweller\Backend\routes\orderRoutes.js:237:26
--------------------------

--- ERROR 2026-02-24T07:45:50.955Z ---
Message: next is not a function
Stack: TypeError: next is not a function
    at model.<anonymous> (C:\Users\ajay1\Downloads\Jeweller\Jeweller\Backend\models\orderModel.js:142:9)
    at Kareem.execPre (C:\Users\ajay1\Downloads\Jeweller\Jeweller\Backend\node_modules\kareem\index.js:68:39)
    at process.processTicksAndRejections (node:internal/process/task_queues:95:5)
    at async model.$__save (C:\Users\ajay1\Downloads\Jeweller\Jeweller\Backend\node_modules\mongoose\lib\model.js:371:5)
    at async model.save (C:\Users\ajay1\Downloads\Jeweller\Jeweller\Backend\node_modules\mongoose\lib\model.js:614:5)
    at async C:\Users\ajay1\Downloads\Jeweller\Jeweller\Backend\routes\orderRoutes.js:237:26
--------------------------

--- ERROR 2026-02-24T08:07:05.277Z ---
Message: Cannot read properties of undefined (reading '_id')
Stack: TypeError: Cannot read properties of undefined (reading '_id')
    at C:\Users\ajay1\Downloads\Jeweller\Jeweller\Backend\routes\orderRoutes.js:140:20
    at process.processTicksAndRejections (node:internal/process/task_queues:95:5)
--------------------------

--- ERROR 2026-02-24T08:07:05.436Z ---
Message: Cannot read properties of undefined (reading '_id')
Stack: TypeError: Cannot read properties of undefined (reading '_id')
    at C:\Users\ajay1\Downloads\Jeweller\Jeweller\Backend\routes\orderRoutes.js:140:20
    at process.processTicksAndRejections (node:internal/process/task_queues:95:5)
--------------------------

--- ERROR 2026-02-25T08:03:28.583Z ---
Message: getaddrinfo ENOTFOUND ac-htf3csr-shard-00-01.1tfoaa0.mongodb.net
Stack: MongoServerSelectionError: getaddrinfo ENOTFOUND ac-htf3csr-shard-00-01.1tfoaa0.mongodb.net
    at Topology.selectServer (C:\Users\ajay1\Downloads\Jeweller\Jeweller\Backend\node_modules\mongodb\lib\sdam\topology.js:346:38)
    at async tryOperation (C:\Users\ajay1\Downloads\Jeweller\Jeweller\Backend\node_modules\mongodb\lib\operations\execute_operation.js:150:18)
    at async executeOperation (C:\Users\ajay1\Downloads\Jeweller\Jeweller\Backend\node_modules\mongodb\lib\operations\execute_operation.js:80:16)
    at async AggregationCursor._initialize (C:\Users\ajay1\Downloads\Jeweller\Jeweller\Backend\node_modules\mongodb\lib\cursor\aggregation_cursor.js:57:26)
    at async AggregationCursor.cursorInit (C:\Users\ajay1\Downloads\Jeweller\Jeweller\Backend\node_modules\mongodb\lib\cursor\abstract_cursor.js:620:27)
    at async AggregationCursor.fetchBatch (C:\Users\ajay1\Downloads\Jeweller\Jeweller\Backend\node_modules\mongodb\lib\cursor\abstract_cursor.js:654:13)
    at async AggregationCursor.next (C:\Users\ajay1\Downloads\Jeweller\Jeweller\Backend\node_modules\mongodb\lib\cursor\abstract_cursor.js:326:17)
    at async Collection.countDocuments (C:\Users\ajay1\Downloads\Jeweller\Jeweller\Backend\node_modules\mongodb\lib\collection.js:521:21)
    at async model.Query.exec (C:\Users\ajay1\Downloads\Jeweller\Jeweller\Backend\node_modules\mongoose\lib\query.js:4687:63)
    at async file:///C:/Users/ajay1/Downloads/Jeweller/Jeweller/Backend/routes/productRoutes.js:68:19
--------------------------

--- ERROR 2026-02-25T08:25:05.335Z ---
Message: Not authorized, token failed
Stack: Error: Not authorized, token failed
    at file:///C:/Users/ajay1/Downloads/Jeweller/Jeweller/Backend/middleware/authMiddleware.js:25:19
--------------------------

--- ERROR 2026-02-25T08:25:06.032Z ---
Message: Not authorized, token failed
Stack: Error: Not authorized, token failed
    at file:///C:/Users/ajay1/Downloads/Jeweller/Jeweller/Backend/middleware/authMiddleware.js:25:19
--------------------------

--- ERROR 2026-02-25T08:30:33.114Z ---
Message: getaddrinfo ENOTFOUND ac-htf3csr-shard-00-01.1tfoaa0.mongodb.net
Stack: MongoServerSelectionError: getaddrinfo ENOTFOUND ac-htf3csr-shard-00-01.1tfoaa0.mongodb.net
    at Topology.selectServer (C:\Users\ajay1\Downloads\Jeweller\Jeweller\Backend\node_modules\mongodb\lib\sdam\topology.js:346:38)
    at runNextTicks (node:internal/process/task_queues:60:5)
    at listOnTimeout (node:internal/timers:545:9)
    at process.processTimers (node:internal/timers:519:7)
    at async tryOperation (C:\Users\ajay1\Downloads\Jeweller\Jeweller\Backend\node_modules\mongodb\lib\operations\execute_operation.js:198:22)
    at async executeOperation (C:\Users\ajay1\Downloads\Jeweller\Jeweller\Backend\node_modules\mongodb\lib\operations\execute_operation.js:80:16)
    at async FindCursor._initialize (C:\Users\ajay1\Downloads\Jeweller\Jeweller\Backend\node_modules\mongodb\lib\cursor\find_cursor.js:62:26)
    at async FindCursor.cursorInit (C:\Users\ajay1\Downloads\Jeweller\Jeweller\Backend\node_modules\mongodb\lib\cursor\abstract_cursor.js:620:27)
    at async FindCursor.fetchBatch (C:\Users\ajay1\Downloads\Jeweller\Jeweller\Backend\node_modules\mongodb\lib\cursor\abstract_cursor.js:654:13)
    at async FindCursor.next (C:\Users\ajay1\Downloads\Jeweller\Jeweller\Backend\node_modules\mongodb\lib\cursor\abstract_cursor.js:326:17)
--------------------------

--- ERROR 2026-02-25T08:32:01.804Z ---
Message: Not authorized, token failed
Stack: Error: Not authorized, token failed
    at file:///C:/Users/ajay1/Downloads/Jeweller/Jeweller/Backend/middleware/authMiddleware.js:25:19
--------------------------

--- ERROR 2026-02-25T08:32:06.209Z ---
Message: Not authorized, token failed
Stack: Error: Not authorized, token failed
    at file:///C:/Users/ajay1/Downloads/Jeweller/Jeweller/Backend/middleware/authMiddleware.js:25:19
--------------------------

--- ERROR 2026-02-25T08:32:08.234Z ---
Message: getaddrinfo ENOTFOUND ac-htf3csr-shard-00-00.1tfoaa0.mongodb.net
Stack: MongoServerSelectionError: getaddrinfo ENOTFOUND ac-htf3csr-shard-00-00.1tfoaa0.mongodb.net
    at Topology.selectServer (C:\Users\ajay1\Downloads\Jeweller\Jeweller\Backend\node_modules\mongodb\lib\sdam\topology.js:346:38)
    at async tryOperation (C:\Users\ajay1\Downloads\Jeweller\Jeweller\Backend\node_modules\mongodb\lib\operations\execute_operation.js:150:18)
    at async executeOperation (C:\Users\ajay1\Downloads\Jeweller\Jeweller\Backend\node_modules\mongodb\lib\operations\execute_operation.js:80:16)
    at async AggregationCursor._initialize (C:\Users\ajay1\Downloads\Jeweller\Jeweller\Backend\node_modules\mongodb\lib\cursor\aggregation_cursor.js:57:26)
    at async AggregationCursor.cursorInit (C:\Users\ajay1\Downloads\Jeweller\Jeweller\Backend\node_modules\mongodb\lib\cursor\abstract_cursor.js:620:27)
    at async AggregationCursor.fetchBatch (C:\Users\ajay1\Downloads\Jeweller\Jeweller\Backend\node_modules\mongodb\lib\cursor\abstract_cursor.js:654:13)
    at async AggregationCursor.next (C:\Users\ajay1\Downloads\Jeweller\Jeweller\Backend\node_modules\mongodb\lib\cursor\abstract_cursor.js:326:17)
    at async Collection.countDocuments (C:\Users\ajay1\Downloads\Jeweller\Jeweller\Backend\node_modules\mongodb\lib\collection.js:521:21)
    at async model.Query.exec (C:\Users\ajay1\Downloads\Jeweller\Jeweller\Backend\node_modules\mongoose\lib\query.js:4687:63)
    at async file:///C:/Users/ajay1/Downloads/Jeweller/Jeweller/Backend/routes/productRoutes.js:68:19
--------------------------

--- ERROR 2026-02-25T08:32:21.807Z ---
Message: Not authorized, token failed
Stack: Error: Not authorized, token failed
    at file:///C:/Users/ajay1/Downloads/Jeweller/Jeweller/Backend/middleware/authMiddleware.js:25:19
--------------------------

--- ERROR 2026-02-25T08:32:26.230Z ---
Message: Not authorized, token failed
Stack: Error: Not authorized, token failed
    at file:///C:/Users/ajay1/Downloads/Jeweller/Jeweller/Backend/middleware/authMiddleware.js:25:19
--------------------------

--- ERROR 2026-02-25T08:32:28.250Z ---
Message: read ECONNRESET
Stack: MongoServerSelectionError: read ECONNRESET
    at Topology.selectServer (C:\Users\ajay1\Downloads\Jeweller\Jeweller\Backend\node_modules\mongodb\lib\sdam\topology.js:346:38)
    at async tryOperation (C:\Users\ajay1\Downloads\Jeweller\Jeweller\Backend\node_modules\mongodb\lib\operations\execute_operation.js:150:18)
    at async executeOperation (C:\Users\ajay1\Downloads\Jeweller\Jeweller\Backend\node_modules\mongodb\lib\operations\execute_operation.js:80:16)
    at async AggregationCursor._initialize (C:\Users\ajay1\Downloads\Jeweller\Jeweller\Backend\node_modules\mongodb\lib\cursor\aggregation_cursor.js:57:26)
    at async AggregationCursor.cursorInit (C:\Users\ajay1\Downloads\Jeweller\Jeweller\Backend\node_modules\mongodb\lib\cursor\abstract_cursor.js:620:27)
    at async AggregationCursor.fetchBatch (C:\Users\ajay1\Downloads\Jeweller\Jeweller\Backend\node_modules\mongodb\lib\cursor\abstract_cursor.js:654:13)
    at async AggregationCursor.next (C:\Users\ajay1\Downloads\Jeweller\Jeweller\Backend\node_modules\mongodb\lib\cursor\abstract_cursor.js:326:17)
    at async Collection.countDocuments (C:\Users\ajay1\Downloads\Jeweller\Jeweller\Backend\node_modules\mongodb\lib\collection.js:521:21)
    at async model.Query.exec (C:\Users\ajay1\Downloads\Jeweller\Jeweller\Backend\node_modules\mongoose\lib\query.js:4687:63)
    at async file:///C:/Users/ajay1/Downloads/Jeweller/Jeweller/Backend/routes/productRoutes.js:68:19
--------------------------

--- ERROR 2026-02-25T08:32:31.916Z ---
Message: read ECONNRESET
Stack: MongoServerSelectionError: read ECONNRESET
    at Topology.selectServer (C:\Users\ajay1\Downloads\Jeweller\Jeweller\Backend\node_modules\mongodb\lib\sdam\topology.js:346:38)
    at async tryOperation (C:\Users\ajay1\Downloads\Jeweller\Jeweller\Backend\node_modules\mongodb\lib\operations\execute_operation.js:150:18)
    at async executeOperation (C:\Users\ajay1\Downloads\Jeweller\Jeweller\Backend\node_modules\mongodb\lib\operations\execute_operation.js:80:16)
    at async FindCursor._initialize (C:\Users\ajay1\Downloads\Jeweller\Jeweller\Backend\node_modules\mongodb\lib\cursor\find_cursor.js:62:26)
    at async FindCursor.cursorInit (C:\Users\ajay1\Downloads\Jeweller\Jeweller\Backend\node_modules\mongodb\lib\cursor\abstract_cursor.js:620:27)
    at async FindCursor.fetchBatch (C:\Users\ajay1\Downloads\Jeweller\Jeweller\Backend\node_modules\mongodb\lib\cursor\abstract_cursor.js:654:13)
    at async FindCursor.next (C:\Users\ajay1\Downloads\Jeweller\Jeweller\Backend\node_modules\mongodb\lib\cursor\abstract_cursor.js:326:17)
    at async Collection.findOne (C:\Users\ajay1\Downloads\Jeweller\Jeweller\Backend\node_modules\mongodb\lib\collection.js:313:24)
    at async model.Query._findOne (C:\Users\ajay1\Downloads\Jeweller\Jeweller\Backend\node_modules\mongoose\lib\query.js:2731:15)
    at async model.Query.exec (C:\Users\ajay1\Downloads\Jeweller\Jeweller\Backend\node_modules\mongoose\lib\query.js:4687:63)
--------------------------

--- ERROR 2026-02-25T08:33:06.023Z ---
Message: getaddrinfo ENOTFOUND ac-htf3csr-shard-00-00.1tfoaa0.mongodb.net
Stack: MongoServerSelectionError: getaddrinfo ENOTFOUND ac-htf3csr-shard-00-00.1tfoaa0.mongodb.net
    at Topology.selectServer (C:\Users\ajay1\Downloads\Jeweller\Jeweller\Backend\node_modules\mongodb\lib\sdam\topology.js:346:38)
    at runNextTicks (node:internal/process/task_queues:60:5)
    at listOnTimeout (node:internal/timers:545:9)
    at process.processTimers (node:internal/timers:519:7)
    at async tryOperation (C:\Users\ajay1\Downloads\Jeweller\Jeweller\Backend\node_modules\mongodb\lib\operations\execute_operation.js:198:22)
    at async executeOperation (C:\Users\ajay1\Downloads\Jeweller\Jeweller\Backend\node_modules\mongodb\lib\operations\execute_operation.js:80:16)
    at async FindCursor._initialize (C:\Users\ajay1\Downloads\Jeweller\Jeweller\Backend\node_modules\mongodb\lib\cursor\find_cursor.js:62:26)
    at async FindCursor.cursorInit (C:\Users\ajay1\Downloads\Jeweller\Jeweller\Backend\node_modules\mongodb\lib\cursor\abstract_cursor.js:620:27)
    at async FindCursor.fetchBatch (C:\Users\ajay1\Downloads\Jeweller\Jeweller\Backend\node_modules\mongodb\lib\cursor\abstract_cursor.js:654:13)
    at async FindCursor.next (C:\Users\ajay1\Downloads\Jeweller\Jeweller\Backend\node_modules\mongodb\lib\cursor\abstract_cursor.js:326:17)
--------------------------

--- ERROR 2026-02-25T08:33:06.029Z ---
Message: getaddrinfo ENOTFOUND ac-htf3csr-shard-00-00.1tfoaa0.mongodb.net
Stack: MongoServerSelectionError: getaddrinfo ENOTFOUND ac-htf3csr-shard-00-00.1tfoaa0.mongodb.net
    at Topology.selectServer (C:\Users\ajay1\Downloads\Jeweller\Jeweller\Backend\node_modules\mongodb\lib\sdam\topology.js:346:38)
    at runNextTicks (node:internal/process/task_queues:60:5)
    at listOnTimeout (node:internal/timers:545:9)
    at process.processTimers (node:internal/timers:519:7)
    at async tryOperation (C:\Users\ajay1\Downloads\Jeweller\Jeweller\Backend\node_modules\mongodb\lib\operations\execute_operation.js:198:22)
    at async executeOperation (C:\Users\ajay1\Downloads\Jeweller\Jeweller\Backend\node_modules\mongodb\lib\operations\execute_operation.js:80:16)
    at async FindCursor._initialize (C:\Users\ajay1\Downloads\Jeweller\Jeweller\Backend\node_modules\mongodb\lib\cursor\find_cursor.js:62:26)
    at async FindCursor.cursorInit (C:\Users\ajay1\Downloads\Jeweller\Jeweller\Backend\node_modules\mongodb\lib\cursor\abstract_cursor.js:620:27)
    at async FindCursor.fetchBatch (C:\Users\ajay1\Downloads\Jeweller\Jeweller\Backend\node_modules\mongodb\lib\cursor\abstract_cursor.js:654:13)
    at async FindCursor.next (C:\Users\ajay1\Downloads\Jeweller\Jeweller\Backend\node_modules\mongodb\lib\cursor\abstract_cursor.js:326:17)
--------------------------

--- ERROR 2026-02-25T08:33:06.039Z ---
Message: getaddrinfo ENOTFOUND ac-htf3csr-shard-00-00.1tfoaa0.mongodb.net
Stack: MongoServerSelectionError: getaddrinfo ENOTFOUND ac-htf3csr-shard-00-00.1tfoaa0.mongodb.net
    at Topology.selectServer (C:\Users\ajay1\Downloads\Jeweller\Jeweller\Backend\node_modules\mongodb\lib\sdam\topology.js:346:38)
    at async tryOperation (C:\Users\ajay1\Downloads\Jeweller\Jeweller\Backend\node_modules\mongodb\lib\operations\execute_operation.js:198:22)
    at async executeOperation (C:\Users\ajay1\Downloads\Jeweller\Jeweller\Backend\node_modules\mongodb\lib\operations\execute_operation.js:80:16)
    at async FindCursor._initialize (C:\Users\ajay1\Downloads\Jeweller\Jeweller\Backend\node_modules\mongodb\lib\cursor\find_cursor.js:62:26)
    at async FindCursor.cursorInit (C:\Users\ajay1\Downloads\Jeweller\Jeweller\Backend\node_modules\mongodb\lib\cursor\abstract_cursor.js:620:27)
    at async FindCursor.fetchBatch (C:\Users\ajay1\Downloads\Jeweller\Jeweller\Backend\node_modules\mongodb\lib\cursor\abstract_cursor.js:654:13)
    at async FindCursor.next (C:\Users\ajay1\Downloads\Jeweller\Jeweller\Backend\node_modules\mongodb\lib\cursor\abstract_cursor.js:326:17)
    at async Collection.findOne (C:\Users\ajay1\Downloads\Jeweller\Jeweller\Backend\node_modules\mongodb\lib\collection.js:313:24)
    at async model.Query._findOne (C:\Users\ajay1\Downloads\Jeweller\Jeweller\Backend\node_modules\mongoose\lib\query.js:2731:15)
    at async model.Query.exec (C:\Users\ajay1\Downloads\Jeweller\Jeweller\Backend\node_modules\mongoose\lib\query.js:4687:63)
--------------------------

--- ERROR 2026-02-25T08:33:06.056Z ---
Message: getaddrinfo ENOTFOUND ac-htf3csr-shard-00-00.1tfoaa0.mongodb.net
Stack: MongoServerSelectionError: getaddrinfo ENOTFOUND ac-htf3csr-shard-00-00.1tfoaa0.mongodb.net
    at Topology.selectServer (C:\Users\ajay1\Downloads\Jeweller\Jeweller\Backend\node_modules\mongodb\lib\sdam\topology.js:346:38)
    at runNextTicks (node:internal/process/task_queues:60:5)
    at process.processTimers (node:internal/timers:516:9)
    at async tryOperation (C:\Users\ajay1\Downloads\Jeweller\Jeweller\Backend\node_modules\mongodb\lib\operations\execute_operation.js:198:22)
    at async executeOperation (C:\Users\ajay1\Downloads\Jeweller\Jeweller\Backend\node_modules\mongodb\lib\operations\execute_operation.js:80:16)
    at async FindCursor._initialize (C:\Users\ajay1\Downloads\Jeweller\Jeweller\Backend\node_modules\mongodb\lib\cursor\find_cursor.js:62:26)
    at async FindCursor.cursorInit (C:\Users\ajay1\Downloads\Jeweller\Jeweller\Backend\node_modules\mongodb\lib\cursor\abstract_cursor.js:620:27)
    at async FindCursor.fetchBatch (C:\Users\ajay1\Downloads\Jeweller\Jeweller\Backend\node_modules\mongodb\lib\cursor\abstract_cursor.js:654:13)
    at async FindCursor.next (C:\Users\ajay1\Downloads\Jeweller\Jeweller\Backend\node_modules\mongodb\lib\cursor\abstract_cursor.js:326:17)
    at async Collection.findOne (C:\Users\ajay1\Downloads\Jeweller\Jeweller\Backend\node_modules\mongodb\lib\collection.js:313:24)
--------------------------

--- ERROR 2026-02-25T08:33:07.031Z ---
Message: getaddrinfo ENOTFOUND ac-htf3csr-shard-00-00.1tfoaa0.mongodb.net
Stack: MongoServerSelectionError: getaddrinfo ENOTFOUND ac-htf3csr-shard-00-00.1tfoaa0.mongodb.net
    at Topology.selectServer (C:\Users\ajay1\Downloads\Jeweller\Jeweller\Backend\node_modules\mongodb\lib\sdam\topology.js:346:38)
    at async tryOperation (C:\Users\ajay1\Downloads\Jeweller\Jeweller\Backend\node_modules\mongodb\lib\operations\execute_operation.js:150:18)
    at async executeOperation (C:\Users\ajay1\Downloads\Jeweller\Jeweller\Backend\node_modules\mongodb\lib\operations\execute_operation.js:80:16)
    at async FindCursor._initialize (C:\Users\ajay1\Downloads\Jeweller\Jeweller\Backend\node_modules\mongodb\lib\cursor\find_cursor.js:62:26)
    at async FindCursor.cursorInit (C:\Users\ajay1\Downloads\Jeweller\Jeweller\Backend\node_modules\mongodb\lib\cursor\abstract_cursor.js:620:27)
    at async FindCursor.fetchBatch (C:\Users\ajay1\Downloads\Jeweller\Jeweller\Backend\node_modules\mongodb\lib\cursor\abstract_cursor.js:654:13)
    at async FindCursor.next (C:\Users\ajay1\Downloads\Jeweller\Jeweller\Backend\node_modules\mongodb\lib\cursor\abstract_cursor.js:326:17)
    at async Collection.findOne (C:\Users\ajay1\Downloads\Jeweller\Jeweller\Backend\node_modules\mongodb\lib\collection.js:313:24)
    at async model.Query._findOne (C:\Users\ajay1\Downloads\Jeweller\Jeweller\Backend\node_modules\mongoose\lib\query.js:2731:15)
    at async model.Query.exec (C:\Users\ajay1\Downloads\Jeweller\Jeweller\Backend\node_modules\mongoose\lib\query.js:4687:63)
--------------------------

--- ERROR 2026-02-25T08:33:16.381Z ---
Message: getaddrinfo ENOTFOUND ac-htf3csr-shard-00-00.1tfoaa0.mongodb.net
Stack: MongoServerSelectionError: getaddrinfo ENOTFOUND ac-htf3csr-shard-00-00.1tfoaa0.mongodb.net
    at Topology.selectServer (C:\Users\ajay1\Downloads\Jeweller\Jeweller\Backend\node_modules\mongodb\lib\sdam\topology.js:346:38)
    at async tryOperation (C:\Users\ajay1\Downloads\Jeweller\Jeweller\Backend\node_modules\mongodb\lib\operations\execute_operation.js:150:18)
    at async executeOperation (C:\Users\ajay1\Downloads\Jeweller\Jeweller\Backend\node_modules\mongodb\lib\operations\execute_operation.js:80:16)
    at async FindCursor._initialize (C:\Users\ajay1\Downloads\Jeweller\Jeweller\Backend\node_modules\mongodb\lib\cursor\find_cursor.js:62:26)
    at async FindCursor.cursorInit (C:\Users\ajay1\Downloads\Jeweller\Jeweller\Backend\node_modules\mongodb\lib\cursor\abstract_cursor.js:620:27)
    at async FindCursor.fetchBatch (C:\Users\ajay1\Downloads\Jeweller\Jeweller\Backend\node_modules\mongodb\lib\cursor\abstract_cursor.js:654:13)
    at async FindCursor.next (C:\Users\ajay1\Downloads\Jeweller\Jeweller\Backend\node_modules\mongodb\lib\cursor\abstract_cursor.js:326:17)
    at async Collection.findOne (C:\Users\ajay1\Downloads\Jeweller\Jeweller\Backend\node_modules\mongodb\lib\collection.js:313:24)
    at async model.Query._findOne (C:\Users\ajay1\Downloads\Jeweller\Jeweller\Backend\node_modules\mongoose\lib\query.js:2731:15)
    at async model.Query.exec (C:\Users\ajay1\Downloads\Jeweller\Jeweller\Backend\node_modules\mongoose\lib\query.js:4687:63)
--------------------------

--- ERROR 2026-02-25T08:33:17.298Z ---
Message: getaddrinfo ENOTFOUND ac-htf3csr-shard-00-00.1tfoaa0.mongodb.net
Stack: MongoServerSelectionError: getaddrinfo ENOTFOUND ac-htf3csr-shard-00-00.1tfoaa0.mongodb.net
    at Topology.selectServer (C:\Users\ajay1\Downloads\Jeweller\Jeweller\Backend\node_modules\mongodb\lib\sdam\topology.js:346:38)
    at async tryOperation (C:\Users\ajay1\Downloads\Jeweller\Jeweller\Backend\node_modules\mongodb\lib\operations\execute_operation.js:150:18)
    at async executeOperation (C:\Users\ajay1\Downloads\Jeweller\Jeweller\Backend\node_modules\mongodb\lib\operations\execute_operation.js:80:16)
    at async FindCursor._initialize (C:\Users\ajay1\Downloads\Jeweller\Jeweller\Backend\node_modules\mongodb\lib\cursor\find_cursor.js:62:26)
    at async FindCursor.cursorInit (C:\Users\ajay1\Downloads\Jeweller\Jeweller\Backend\node_modules\mongodb\lib\cursor\abstract_cursor.js:620:27)
    at async FindCursor.fetchBatch (C:\Users\ajay1\Downloads\Jeweller\Jeweller\Backend\node_modules\mongodb\lib\cursor\abstract_cursor.js:654:13)
    at async FindCursor.next (C:\Users\ajay1\Downloads\Jeweller\Jeweller\Backend\node_modules\mongodb\lib\cursor\abstract_cursor.js:326:17)
    at async Collection.findOne (C:\Users\ajay1\Downloads\Jeweller\Jeweller\Backend\node_modules\mongodb\lib\collection.js:313:24)
    at async model.Query._findOne (C:\Users\ajay1\Downloads\Jeweller\Jeweller\Backend\node_modules\mongoose\lib\query.js:2731:15)
    at async model.Query.exec (C:\Users\ajay1\Downloads\Jeweller\Jeweller\Backend\node_modules\mongoose\lib\query.js:4687:63)
--------------------------

--- ERROR 2026-02-25T08:33:17.702Z ---
Message: getaddrinfo ENOTFOUND ac-htf3csr-shard-00-00.1tfoaa0.mongodb.net
Stack: MongoServerSelectionError: getaddrinfo ENOTFOUND ac-htf3csr-shard-00-00.1tfoaa0.mongodb.net
    at Topology.selectServer (C:\Users\ajay1\Downloads\Jeweller\Jeweller\Backend\node_modules\mongodb\lib\sdam\topology.js:346:38)
    at async tryOperation (C:\Users\ajay1\Downloads\Jeweller\Jeweller\Backend\node_modules\mongodb\lib\operations\execute_operation.js:150:18)
    at async executeOperation (C:\Users\ajay1\Downloads\Jeweller\Jeweller\Backend\node_modules\mongodb\lib\operations\execute_operation.js:80:16)
    at async FindCursor._initialize (C:\Users\ajay1\Downloads\Jeweller\Jeweller\Backend\node_modules\mongodb\lib\cursor\find_cursor.js:62:26)
    at async FindCursor.cursorInit (C:\Users\ajay1\Downloads\Jeweller\Jeweller\Backend\node_modules\mongodb\lib\cursor\abstract_cursor.js:620:27)
    at async FindCursor.fetchBatch (C:\Users\ajay1\Downloads\Jeweller\Jeweller\Backend\node_modules\mongodb\lib\cursor\abstract_cursor.js:654:13)
    at async FindCursor.next (C:\Users\ajay1\Downloads\Jeweller\Jeweller\Backend\node_modules\mongodb\lib\cursor\abstract_cursor.js:326:17)
    at async Collection.findOne (C:\Users\ajay1\Downloads\Jeweller\Jeweller\Backend\node_modules\mongodb\lib\collection.js:313:24)
    at async model.Query._findOne (C:\Users\ajay1\Downloads\Jeweller\Jeweller\Backend\node_modules\mongoose\lib\query.js:2731:15)
    at async model.Query.exec (C:\Users\ajay1\Downloads\Jeweller\Jeweller\Backend\node_modules\mongoose\lib\query.js:4687:63)
--------------------------

--- ERROR 2026-02-25T08:33:17.889Z ---
Message: getaddrinfo ENOTFOUND ac-htf3csr-shard-00-00.1tfoaa0.mongodb.net
Stack: MongoServerSelectionError: getaddrinfo ENOTFOUND ac-htf3csr-shard-00-00.1tfoaa0.mongodb.net
    at Topology.selectServer (C:\Users\ajay1\Downloads\Jeweller\Jeweller\Backend\node_modules\mongodb\lib\sdam\topology.js:346:38)
    at async tryOperation (C:\Users\ajay1\Downloads\Jeweller\Jeweller\Backend\node_modules\mongodb\lib\operations\execute_operation.js:150:18)
    at async executeOperation (C:\Users\ajay1\Downloads\Jeweller\Jeweller\Backend\node_modules\mongodb\lib\operations\execute_operation.js:80:16)
    at async FindCursor._initialize (C:\Users\ajay1\Downloads\Jeweller\Jeweller\Backend\node_modules\mongodb\lib\cursor\find_cursor.js:62:26)
    at async FindCursor.cursorInit (C:\Users\ajay1\Downloads\Jeweller\Jeweller\Backend\node_modules\mongodb\lib\cursor\abstract_cursor.js:620:27)
    at async FindCursor.fetchBatch (C:\Users\ajay1\Downloads\Jeweller\Jeweller\Backend\node_modules\mongodb\lib\cursor\abstract_cursor.js:654:13)
    at async FindCursor.next (C:\Users\ajay1\Downloads\Jeweller\Jeweller\Backend\node_modules\mongodb\lib\cursor\abstract_cursor.js:326:17)
    at async Collection.findOne (C:\Users\ajay1\Downloads\Jeweller\Jeweller\Backend\node_modules\mongodb\lib\collection.js:313:24)
    at async model.Query._findOne (C:\Users\ajay1\Downloads\Jeweller\Jeweller\Backend\node_modules\mongoose\lib\query.js:2731:15)
    at async model.Query.exec (C:\Users\ajay1\Downloads\Jeweller\Jeweller\Backend\node_modules\mongoose\lib\query.js:4687:63)
--------------------------

--- ERROR 2026-02-25T08:33:36.058Z ---
Message: getaddrinfo ENOTFOUND ac-htf3csr-shard-00-00.1tfoaa0.mongodb.net
Stack: MongoServerSelectionError: getaddrinfo ENOTFOUND ac-htf3csr-shard-00-00.1tfoaa0.mongodb.net
    at Topology.selectServer (C:\Users\ajay1\Downloads\Jeweller\Jeweller\Backend\node_modules\mongodb\lib\sdam\topology.js:346:38)
    at async tryOperation (C:\Users\ajay1\Downloads\Jeweller\Jeweller\Backend\node_modules\mongodb\lib\operations\execute_operation.js:150:18)
    at async executeOperation (C:\Users\ajay1\Downloads\Jeweller\Jeweller\Backend\node_modules\mongodb\lib\operations\execute_operation.js:80:16)
    at async FindCursor._initialize (C:\Users\ajay1\Downloads\Jeweller\Jeweller\Backend\node_modules\mongodb\lib\cursor\find_cursor.js:62:26)
    at async FindCursor.cursorInit (C:\Users\ajay1\Downloads\Jeweller\Jeweller\Backend\node_modules\mongodb\lib\cursor\abstract_cursor.js:620:27)
    at async FindCursor.fetchBatch (C:\Users\ajay1\Downloads\Jeweller\Jeweller\Backend\node_modules\mongodb\lib\cursor\abstract_cursor.js:654:13)
    at async FindCursor.next (C:\Users\ajay1\Downloads\Jeweller\Jeweller\Backend\node_modules\mongodb\lib\cursor\abstract_cursor.js:326:17)
    at async Collection.findOne (C:\Users\ajay1\Downloads\Jeweller\Jeweller\Backend\node_modules\mongodb\lib\collection.js:313:24)
    at async model.Query._findOne (C:\Users\ajay1\Downloads\Jeweller\Jeweller\Backend\node_modules\mongoose\lib\query.js:2731:15)
    at async model.Query.exec (C:\Users\ajay1\Downloads\Jeweller\Jeweller\Backend\node_modules\mongoose\lib\query.js:4687:63)
--------------------------

--- ERROR 2026-02-25T08:33:37.054Z ---
Message: getaddrinfo ENOTFOUND ac-htf3csr-shard-00-00.1tfoaa0.mongodb.net
Stack: MongoServerSelectionError: getaddrinfo ENOTFOUND ac-htf3csr-shard-00-00.1tfoaa0.mongodb.net
    at Topology.selectServer (C:\Users\ajay1\Downloads\Jeweller\Jeweller\Backend\node_modules\mongodb\lib\sdam\topology.js:346:38)
    at async tryOperation (C:\Users\ajay1\Downloads\Jeweller\Jeweller\Backend\node_modules\mongodb\lib\operations\execute_operation.js:150:18)
    at async executeOperation (C:\Users\ajay1\Downloads\Jeweller\Jeweller\Backend\node_modules\mongodb\lib\operations\execute_operation.js:80:16)
    at async FindCursor._initialize (C:\Users\ajay1\Downloads\Jeweller\Jeweller\Backend\node_modules\mongodb\lib\cursor\find_cursor.js:62:26)
    at async FindCursor.cursorInit (C:\Users\ajay1\Downloads\Jeweller\Jeweller\Backend\node_modules\mongodb\lib\cursor\abstract_cursor.js:620:27)
    at async FindCursor.fetchBatch (C:\Users\ajay1\Downloads\Jeweller\Jeweller\Backend\node_modules\mongodb\lib\cursor\abstract_cursor.js:654:13)
    at async FindCursor.next (C:\Users\ajay1\Downloads\Jeweller\Jeweller\Backend\node_modules\mongodb\lib\cursor\abstract_cursor.js:326:17)
    at async Collection.findOne (C:\Users\ajay1\Downloads\Jeweller\Jeweller\Backend\node_modules\mongodb\lib\collection.js:313:24)
    at async model.Query._findOne (C:\Users\ajay1\Downloads\Jeweller\Jeweller\Backend\node_modules\mongoose\lib\query.js:2731:15)
    at async model.Query.exec (C:\Users\ajay1\Downloads\Jeweller\Jeweller\Backend\node_modules\mongoose\lib\query.js:4687:63)
--------------------------

--- ERROR 2026-02-25T08:33:46.397Z ---
Message: getaddrinfo ENOTFOUND ac-htf3csr-shard-00-00.1tfoaa0.mongodb.net
Stack: MongoServerSelectionError: getaddrinfo ENOTFOUND ac-htf3csr-shard-00-00.1tfoaa0.mongodb.net
    at Topology.selectServer (C:\Users\ajay1\Downloads\Jeweller\Jeweller\Backend\node_modules\mongodb\lib\sdam\topology.js:346:38)
    at async tryOperation (C:\Users\ajay1\Downloads\Jeweller\Jeweller\Backend\node_modules\mongodb\lib\operations\execute_operation.js:150:18)
    at async executeOperation (C:\Users\ajay1\Downloads\Jeweller\Jeweller\Backend\node_modules\mongodb\lib\operations\execute_operation.js:80:16)
    at async FindCursor._initialize (C:\Users\ajay1\Downloads\Jeweller\Jeweller\Backend\node_modules\mongodb\lib\cursor\find_cursor.js:62:26)
    at async FindCursor.cursorInit (C:\Users\ajay1\Downloads\Jeweller\Jeweller\Backend\node_modules\mongodb\lib\cursor\abstract_cursor.js:620:27)
    at async FindCursor.fetchBatch (C:\Users\ajay1\Downloads\Jeweller\Jeweller\Backend\node_modules\mongodb\lib\cursor\abstract_cursor.js:654:13)
    at async FindCursor.next (C:\Users\ajay1\Downloads\Jeweller\Jeweller\Backend\node_modules\mongodb\lib\cursor\abstract_cursor.js:326:17)
    at async Collection.findOne (C:\Users\ajay1\Downloads\Jeweller\Jeweller\Backend\node_modules\mongodb\lib\collection.js:313:24)
    at async model.Query._findOne (C:\Users\ajay1\Downloads\Jeweller\Jeweller\Backend\node_modules\mongoose\lib\query.js:2731:15)
    at async model.Query.exec (C:\Users\ajay1\Downloads\Jeweller\Jeweller\Backend\node_modules\mongoose\lib\query.js:4687:63)
--------------------------

--- ERROR 2026-02-25T08:41:16.719Z ---
Message: Operation `users.findOne()` buffering timed out after 10000ms
Stack: MongooseError: Operation `users.findOne()` buffering timed out after 10000ms
    at Timeout._onTimeout (C:\Users\ajay1\Downloads\Jeweller\Jeweller\Backend\node_modules\mongoose\lib\drivers\node-mongodb-native\collection.js:131:25)
    at listOnTimeout (node:internal/timers:581:17)
    at process.processTimers (node:internal/timers:519:7)
--------------------------

--- ERROR 2026-02-25T08:41:18.790Z ---
Message: Operation `users.findOne()` buffering timed out after 10000ms
Stack: MongooseError: Operation `users.findOne()` buffering timed out after 10000ms
    at Timeout._onTimeout (C:\Users\ajay1\Downloads\Jeweller\Jeweller\Backend\node_modules\mongoose\lib\drivers\node-mongodb-native\collection.js:131:25)
    at listOnTimeout (node:internal/timers:581:17)
    at process.processTimers (node:internal/timers:519:7)
--------------------------

--- ERROR 2026-02-25T09:51:16.674Z ---
Message: next is not a function
Stack: TypeError: next is not a function
    at model.<anonymous> (file:///C:/Users/ajay1/Downloads/Jeweller/Jeweller/Backend/models/orderModel.js:131:5)
    at Kareem.execPre (C:\Users\ajay1\Downloads\Jeweller\Jeweller\Backend\node_modules\kareem\index.js:68:39)
    at model._execDocumentPreHooks (C:\Users\ajay1\Downloads\Jeweller\Jeweller\Backend\node_modules\mongoose\lib\document.js:2973:29)
    at model.$__validate (C:\Users\ajay1\Downloads\Jeweller\Jeweller\Backend\node_modules\mongoose\lib\document.js:2991:28)
    at model.validate (C:\Users\ajay1\Downloads\Jeweller\Jeweller\Backend\node_modules\mongoose\lib\document.js:2687:16)
    at model.validateBeforeSavePreSave (C:\Users\ajay1\Downloads\Jeweller\Jeweller\Backend\node_modules\mongoose\lib\plugins\validateBeforeSave.js:39:16)
    at Kareem.execPre (C:\Users\ajay1\Downloads\Jeweller\Jeweller\Backend\node_modules\kareem\index.js:68:39)
    at model._execDocumentPreHooks (C:\Users\ajay1\Downloads\Jeweller\Jeweller\Backend\node_modules\mongoose\lib\document.js:2973:29)
    at model.$__save (C:\Users\ajay1\Downloads\Jeweller\Jeweller\Backend\node_modules\mongoose\lib\model.js:371:16)
    at model.save (C:\Users\ajay1\Downloads\Jeweller\Jeweller\Backend\node_modules\mongoose\lib\model.js:614:16)
--------------------------

--- ERROR 2026-02-25T09:57:14.395Z ---
Message: next is not a function
Stack: TypeError: next is not a function
    at model.<anonymous> (file:///C:/Users/ajay1/Downloads/Jeweller/Jeweller/Backend/models/orderModel.js:131:5)
    at Kareem.execPre (C:\Users\ajay1\Downloads\Jeweller\Jeweller\Backend\node_modules\kareem\index.js:68:39)
    at model._execDocumentPreHooks (C:\Users\ajay1\Downloads\Jeweller\Jeweller\Backend\node_modules\mongoose\lib\document.js:2973:29)
    at model.$__validate (C:\Users\ajay1\Downloads\Jeweller\Jeweller\Backend\node_modules\mongoose\lib\document.js:2991:28)
    at model.validate (C:\Users\ajay1\Downloads\Jeweller\Jeweller\Backend\node_modules\mongoose\lib\document.js:2687:16)
    at model.validateBeforeSavePreSave (C:\Users\ajay1\Downloads\Jeweller\Jeweller\Backend\node_modules\mongoose\lib\plugins\validateBeforeSave.js:39:16)
    at Kareem.execPre (C:\Users\ajay1\Downloads\Jeweller\Jeweller\Backend\node_modules\kareem\index.js:68:39)
    at model._execDocumentPreHooks (C:\Users\ajay1\Downloads\Jeweller\Jeweller\Backend\node_modules\mongoose\lib\document.js:2973:29)
    at model.$__save (C:\Users\ajay1\Downloads\Jeweller\Jeweller\Backend\node_modules\mongoose\lib\model.js:371:16)
    at model.save (C:\Users\ajay1\Downloads\Jeweller\Jeweller\Backend\node_modules\mongoose\lib\model.js:614:16)
--------------------------

--- ERROR 2026-02-25T09:58:29.642Z ---
Message: next is not a function
Stack: TypeError: next is not a function
    at model.<anonymous> (file:///C:/Users/ajay1/Downloads/Jeweller/Jeweller/Backend/models/orderModel.js:131:5)
    at Kareem.execPre (C:\Users\ajay1\Downloads\Jeweller\Jeweller\Backend\node_modules\kareem\index.js:68:39)
    at model._execDocumentPreHooks (C:\Users\ajay1\Downloads\Jeweller\Jeweller\Backend\node_modules\mongoose\lib\document.js:2973:29)
    at model.$__validate (C:\Users\ajay1\Downloads\Jeweller\Jeweller\Backend\node_modules\mongoose\lib\document.js:2991:28)
    at model.validate (C:\Users\ajay1\Downloads\Jeweller\Jeweller\Backend\node_modules\mongoose\lib\document.js:2687:16)
    at model.validateBeforeSavePreSave (C:\Users\ajay1\Downloads\Jeweller\Jeweller\Backend\node_modules\mongoose\lib\plugins\validateBeforeSave.js:39:16)
    at Kareem.execPre (C:\Users\ajay1\Downloads\Jeweller\Jeweller\Backend\node_modules\kareem\index.js:68:39)
    at model._execDocumentPreHooks (C:\Users\ajay1\Downloads\Jeweller\Jeweller\Backend\node_modules\mongoose\lib\document.js:2973:29)
    at model.$__save (C:\Users\ajay1\Downloads\Jeweller\Jeweller\Backend\node_modules\mongoose\lib\model.js:371:16)
    at model.save (C:\Users\ajay1\Downloads\Jeweller\Jeweller\Backend\node_modules\mongoose\lib\model.js:614:16)
--------------------------

--- ERROR 2026-02-25T10:18:59.533Z ---
Message: Upload Failed: undefined
Stack: undefined
--------------------------

--- ERROR 2026-02-25T10:18:59.537Z ---
Message: undefined
Stack: undefined
--------------------------

--- ERROR 2026-03-07T05:53:40.411Z ---
Message: Invalid email or password
Stack: Error: Invalid email or password
    at file:///C:/Users/tahir/OneDrive/Desktop/Jeweller%20(3)/Jeweller/Jeweller/Backend/routes/userRoutes.js:134:15
--------------------------

--- ERROR 2026-03-07T05:54:10.971Z ---
Message: Cannot read properties of undefined (reading '_id')
Stack: TypeError: Cannot read properties of undefined (reading '_id')
    at file:///C:/Users/tahir/OneDrive/Desktop/Jeweller%20(3)/Jeweller/Jeweller/Backend/routes/orderRoutes.js:171:20
    at process.processTicksAndRejections (node:internal/process/task_queues:105:5)
--------------------------

--- ERROR 2026-03-07T05:54:11.001Z ---
Message: Cannot read properties of undefined (reading '_id')
Stack: TypeError: Cannot read properties of undefined (reading '_id')
    at file:///C:/Users/tahir/OneDrive/Desktop/Jeweller%20(3)/Jeweller/Jeweller/Backend/routes/orderRoutes.js:171:20
    at process.processTicksAndRejections (node:internal/process/task_queues:105:5)
--------------------------

--- ERROR 2026-03-07T05:54:33.709Z ---
Message: Cannot read properties of undefined (reading '_id')
Stack: TypeError: Cannot read properties of undefined (reading '_id')
    at file:///C:/Users/tahir/OneDrive/Desktop/Jeweller%20(3)/Jeweller/Jeweller/Backend/routes/orderRoutes.js:171:20
    at process.processTicksAndRejections (node:internal/process/task_queues:105:5)
--------------------------

--- ERROR 2026-03-07T05:54:33.803Z ---
Message: Cannot read properties of undefined (reading '_id')
Stack: TypeError: Cannot read properties of undefined (reading '_id')
    at file:///C:/Users/tahir/OneDrive/Desktop/Jeweller%20(3)/Jeweller/Jeweller/Backend/routes/orderRoutes.js:171:20
    at process.processTicksAndRejections (node:internal/process/task_queues:105:5)
--------------------------

--- ERROR 2026-03-07T05:57:56.177Z ---
Message: Cannot read properties of undefined (reading '_id')
Stack: TypeError: Cannot read properties of undefined (reading '_id')
    at file:///C:/Users/tahir/OneDrive/Desktop/Jeweller%20(3)/Jeweller/Jeweller/Backend/routes/orderRoutes.js:171:20
    at process.processTicksAndRejections (node:internal/process/task_queues:105:5)
--------------------------

--- ERROR 2026-03-07T05:57:56.227Z ---
Message: Cannot read properties of undefined (reading '_id')
Stack: TypeError: Cannot read properties of undefined (reading '_id')
    at file:///C:/Users/tahir/OneDrive/Desktop/Jeweller%20(3)/Jeweller/Jeweller/Backend/routes/orderRoutes.js:171:20
    at process.processTicksAndRejections (node:internal/process/task_queues:105:5)
--------------------------

--- ERROR 2026-03-07T06:03:04.261Z ---
Message: Cannot read properties of undefined (reading '_id')
Stack: TypeError: Cannot read properties of undefined (reading '_id')
    at file:///C:/Users/tahir/OneDrive/Desktop/Jeweller%20(3)/Jeweller/Jeweller/Backend/routes/orderRoutes.js:171:20
    at process.processTicksAndRejections (node:internal/process/task_queues:105:5)
--------------------------

--- ERROR 2026-03-07T06:04:07.197Z ---
Message: Invalid email or password
Stack: Error: Invalid email or password
    at file:///C:/Users/tahir/OneDrive/Desktop/Jeweller%20(3)/Jeweller/Jeweller/Backend/routes/userRoutes.js:134:15
--------------------------

--- ERROR 2026-03-07T06:04:35.099Z ---
Message: Invalid email or password
Stack: Error: Invalid email or password
    at file:///C:/Users/tahir/OneDrive/Desktop/Jeweller%20(3)/Jeweller/Jeweller/Backend/routes/userRoutes.js:134:15
--------------------------

--- ERROR 2026-03-07T06:04:53.241Z ---
Message: Invalid email or password
Stack: Error: Invalid email or password
    at file:///C:/Users/tahir/OneDrive/Desktop/Jeweller%20(3)/Jeweller/Jeweller/Backend/routes/userRoutes.js:134:15
--------------------------

--- ERROR 2026-03-07T06:09:10.353Z ---
Message: Cannot read properties of undefined (reading '_id')
Stack: TypeError: Cannot read properties of undefined (reading '_id')
    at file:///C:/Users/tahir/OneDrive/Desktop/Jeweller%20(3)/Jeweller/Jeweller/Backend/routes/orderRoutes.js:171:20
    at process.processTicksAndRejections (node:internal/process/task_queues:105:5)
--------------------------

--- ERROR 2026-03-07T06:09:10.674Z ---
Message: Cannot read properties of undefined (reading '_id')
Stack: TypeError: Cannot read properties of undefined (reading '_id')
    at file:///C:/Users/tahir/OneDrive/Desktop/Jeweller%20(3)/Jeweller/Jeweller/Backend/routes/orderRoutes.js:171:20
    at process.processTicksAndRejections (node:internal/process/task_queues:105:5)
--------------------------

--- ERROR 2026-03-07T06:40:26.097Z ---
Message: Order validation failed: shippingAddress.pincode: Path `shippingAddress.pincode` is required., shippingAddress.state: Path `shippingAddress.state` is required., shippingAddress.city: Path `shippingAddress.city` is required., shippingAddress.addressLine1: Path `shippingAddress.addressLine1` is required., shippingAddress.phone: Path `shippingAddress.phone` is required., shippingAddress.fullName: Path `shippingAddress.fullName` is required., user: Path `user` is required., items.0.product: Path `product` is required.
Stack: ValidationError: Order validation failed: shippingAddress.pincode: Path `shippingAddress.pincode` is required., shippingAddress.state: Path `shippingAddress.state` is required., shippingAddress.city: Path `shippingAddress.city` is required., shippingAddress.addressLine1: Path `shippingAddress.addressLine1` is required., shippingAddress.phone: Path `shippingAddress.phone` is required., shippingAddress.fullName: Path `shippingAddress.fullName` is required., user: Path `user` is required., items.0.product: Path `product` is required.
    at Document.invalidate (C:\Users\tahir\OneDrive\Desktop\Jeweller (3)\Jeweller\Jeweller\Backend\node_modules\mongoose\lib\document.js:3405:32)
    at validatePath (C:\Users\tahir\OneDrive\Desktop\Jeweller (3)\Jeweller\Jeweller\Backend\node_modules\mongoose\lib\document.js:3177:13)
    at process.processTicksAndRejections (node:internal/process/task_queues:105:5)
    at async Promise.all (index 0)
    at async model.$__validate (C:\Users\tahir\OneDrive\Desktop\Jeweller (3)\Jeweller\Jeweller\Backend\node_modules\mongoose\lib\document.js:3118:3)
    at async model.validate (C:\Users\tahir\OneDrive\Desktop\Jeweller (3)\Jeweller\Jeweller\Backend\node_modules\mongoose\lib\document.js:2687:5)
    at async model.validateBeforeSavePreSave (C:\Users\tahir\OneDrive\Desktop\Jeweller (3)\Jeweller\Jeweller\Backend\node_modules\mongoose\lib\plugins\validateBeforeSave.js:39:5)
    at async Kareem.execPre (C:\Users\tahir\OneDrive\Desktop\Jeweller (3)\Jeweller\Jeweller\Backend\node_modules\kareem\index.js:70:24)
    at async model.$__save (C:\Users\tahir\OneDrive\Desktop\Jeweller (3)\Jeweller\Jeweller\Backend\node_modules\mongoose\lib\model.js:371:5)
    at async model.save (C:\Users\tahir\OneDrive\Desktop\Jeweller (3)\Jeweller\Jeweller\Backend\node_modules\mongoose\lib\model.js:614:5)
--------------------------

--- ERROR 2026-03-07T06:40:34.883Z ---
Message: Order validation failed: shippingAddress.pincode: Path `shippingAddress.pincode` is required., shippingAddress.state: Path `shippingAddress.state` is required., shippingAddress.city: Path `shippingAddress.city` is required., shippingAddress.addressLine1: Path `shippingAddress.addressLine1` is required., shippingAddress.phone: Path `shippingAddress.phone` is required., shippingAddress.fullName: Path `shippingAddress.fullName` is required., user: Path `user` is required., items.0.product: Path `product` is required.
Stack: ValidationError: Order validation failed: shippingAddress.pincode: Path `shippingAddress.pincode` is required., shippingAddress.state: Path `shippingAddress.state` is required., shippingAddress.city: Path `shippingAddress.city` is required., shippingAddress.addressLine1: Path `shippingAddress.addressLine1` is required., shippingAddress.phone: Path `shippingAddress.phone` is required., shippingAddress.fullName: Path `shippingAddress.fullName` is required., user: Path `user` is required., items.0.product: Path `product` is required.
    at Document.invalidate (C:\Users\tahir\OneDrive\Desktop\Jeweller (3)\Jeweller\Jeweller\Backend\node_modules\mongoose\lib\document.js:3405:32)
    at validatePath (C:\Users\tahir\OneDrive\Desktop\Jeweller (3)\Jeweller\Jeweller\Backend\node_modules\mongoose\lib\document.js:3177:13)
    at process.processTicksAndRejections (node:internal/process/task_queues:105:5)
    at async Promise.all (index 0)
    at async model.$__validate (C:\Users\tahir\OneDrive\Desktop\Jeweller (3)\Jeweller\Jeweller\Backend\node_modules\mongoose\lib\document.js:3118:3)
    at async model.validate (C:\Users\tahir\OneDrive\Desktop\Jeweller (3)\Jeweller\Jeweller\Backend\node_modules\mongoose\lib\document.js:2687:5)
    at async model.validateBeforeSavePreSave (C:\Users\tahir\OneDrive\Desktop\Jeweller (3)\Jeweller\Jeweller\Backend\node_modules\mongoose\lib\plugins\validateBeforeSave.js:39:5)
    at async Kareem.execPre (C:\Users\tahir\OneDrive\Desktop\Jeweller (3)\Jeweller\Jeweller\Backend\node_modules\kareem\index.js:70:24)
    at async model.$__save (C:\Users\tahir\OneDrive\Desktop\Jeweller (3)\Jeweller\Jeweller\Backend\node_modules\mongoose\lib\model.js:371:5)
    at async model.save (C:\Users\tahir\OneDrive\Desktop\Jeweller (3)\Jeweller\Jeweller\Backend\node_modules\mongoose\lib\model.js:614:5)
--------------------------

--- ERROR 2026-03-07T06:40:51.988Z ---
Message: Order validation failed: shippingAddress.pincode: Path `shippingAddress.pincode` is required., shippingAddress.state: Path `shippingAddress.state` is required., shippingAddress.city: Path `shippingAddress.city` is required., shippingAddress.addressLine1: Path `shippingAddress.addressLine1` is required., shippingAddress.phone: Path `shippingAddress.phone` is required., shippingAddress.fullName: Path `shippingAddress.fullName` is required., user: Path `user` is required., items.0.product: Path `product` is required.
Stack: ValidationError: Order validation failed: shippingAddress.pincode: Path `shippingAddress.pincode` is required., shippingAddress.state: Path `shippingAddress.state` is required., shippingAddress.city: Path `shippingAddress.city` is required., shippingAddress.addressLine1: Path `shippingAddress.addressLine1` is required., shippingAddress.phone: Path `shippingAddress.phone` is required., shippingAddress.fullName: Path `shippingAddress.fullName` is required., user: Path `user` is required., items.0.product: Path `product` is required.
    at Document.invalidate (C:\Users\tahir\OneDrive\Desktop\Jeweller (3)\Jeweller\Jeweller\Backend\node_modules\mongoose\lib\document.js:3405:32)
    at validatePath (C:\Users\tahir\OneDrive\Desktop\Jeweller (3)\Jeweller\Jeweller\Backend\node_modules\mongoose\lib\document.js:3177:13)
    at process.processTicksAndRejections (node:internal/process/task_queues:105:5)
    at async Promise.all (index 0)
    at async model.$__validate (C:\Users\tahir\OneDrive\Desktop\Jeweller (3)\Jeweller\Jeweller\Backend\node_modules\mongoose\lib\document.js:3118:3)
    at async model.validate (C:\Users\tahir\OneDrive\Desktop\Jeweller (3)\Jeweller\Jeweller\Backend\node_modules\mongoose\lib\document.js:2687:5)
    at async model.validateBeforeSavePreSave (C:\Users\tahir\OneDrive\Desktop\Jeweller (3)\Jeweller\Jeweller\Backend\node_modules\mongoose\lib\plugins\validateBeforeSave.js:39:5)
    at async Kareem.execPre (C:\Users\tahir\OneDrive\Desktop\Jeweller (3)\Jeweller\Jeweller\Backend\node_modules\kareem\index.js:70:24)
    at async model.$__save (C:\Users\tahir\OneDrive\Desktop\Jeweller (3)\Jeweller\Jeweller\Backend\node_modules\mongoose\lib\model.js:371:5)
    at async model.save (C:\Users\tahir\OneDrive\Desktop\Jeweller (3)\Jeweller\Jeweller\Backend\node_modules\mongoose\lib\model.js:614:5)
--------------------------

--- ERROR 2026-03-07T06:40:58.025Z ---
Message: Order validation failed: shippingAddress.pincode: Path `shippingAddress.pincode` is required., shippingAddress.state: Path `shippingAddress.state` is required., shippingAddress.city: Path `shippingAddress.city` is required., shippingAddress.addressLine1: Path `shippingAddress.addressLine1` is required., shippingAddress.phone: Path `shippingAddress.phone` is required., shippingAddress.fullName: Path `shippingAddress.fullName` is required., user: Path `user` is required., items.0.product: Path `product` is required.
Stack: ValidationError: Order validation failed: shippingAddress.pincode: Path `shippingAddress.pincode` is required., shippingAddress.state: Path `shippingAddress.state` is required., shippingAddress.city: Path `shippingAddress.city` is required., shippingAddress.addressLine1: Path `shippingAddress.addressLine1` is required., shippingAddress.phone: Path `shippingAddress.phone` is required., shippingAddress.fullName: Path `shippingAddress.fullName` is required., user: Path `user` is required., items.0.product: Path `product` is required.
    at Document.invalidate (C:\Users\tahir\OneDrive\Desktop\Jeweller (3)\Jeweller\Jeweller\Backend\node_modules\mongoose\lib\document.js:3405:32)
    at validatePath (C:\Users\tahir\OneDrive\Desktop\Jeweller (3)\Jeweller\Jeweller\Backend\node_modules\mongoose\lib\document.js:3177:13)
    at process.processTicksAndRejections (node:internal/process/task_queues:105:5)
    at async Promise.all (index 0)
    at async model.$__validate (C:\Users\tahir\OneDrive\Desktop\Jeweller (3)\Jeweller\Jeweller\Backend\node_modules\mongoose\lib\document.js:3118:3)
    at async model.validate (C:\Users\tahir\OneDrive\Desktop\Jeweller (3)\Jeweller\Jeweller\Backend\node_modules\mongoose\lib\document.js:2687:5)
    at async model.validateBeforeSavePreSave (C:\Users\tahir\OneDrive\Desktop\Jeweller (3)\Jeweller\Jeweller\Backend\node_modules\mongoose\lib\plugins\validateBeforeSave.js:39:5)
    at async Kareem.execPre (C:\Users\tahir\OneDrive\Desktop\Jeweller (3)\Jeweller\Jeweller\Backend\node_modules\kareem\index.js:70:24)
    at async model.$__save (C:\Users\tahir\OneDrive\Desktop\Jeweller (3)\Jeweller\Jeweller\Backend\node_modules\mongoose\lib\model.js:371:5)
    at async model.save (C:\Users\tahir\OneDrive\Desktop\Jeweller (3)\Jeweller\Jeweller\Backend\node_modules\mongoose\lib\model.js:614:5)
--------------------------

--- ERROR 2026-03-07T06:41:05.150Z ---
Message: Order validation failed: shippingAddress.pincode: Path `shippingAddress.pincode` is required., shippingAddress.state: Path `shippingAddress.state` is required., shippingAddress.city: Path `shippingAddress.city` is required., shippingAddress.addressLine1: Path `shippingAddress.addressLine1` is required., shippingAddress.phone: Path `shippingAddress.phone` is required., shippingAddress.fullName: Path `shippingAddress.fullName` is required., user: Path `user` is required., items.0.product: Path `product` is required.
Stack: ValidationError: Order validation failed: shippingAddress.pincode: Path `shippingAddress.pincode` is required., shippingAddress.state: Path `shippingAddress.state` is required., shippingAddress.city: Path `shippingAddress.city` is required., shippingAddress.addressLine1: Path `shippingAddress.addressLine1` is required., shippingAddress.phone: Path `shippingAddress.phone` is required., shippingAddress.fullName: Path `shippingAddress.fullName` is required., user: Path `user` is required., items.0.product: Path `product` is required.
    at Document.invalidate (C:\Users\tahir\OneDrive\Desktop\Jeweller (3)\Jeweller\Jeweller\Backend\node_modules\mongoose\lib\document.js:3405:32)
    at validatePath (C:\Users\tahir\OneDrive\Desktop\Jeweller (3)\Jeweller\Jeweller\Backend\node_modules\mongoose\lib\document.js:3177:13)
    at process.processTicksAndRejections (node:internal/process/task_queues:105:5)
    at async Promise.all (index 0)
    at async model.$__validate (C:\Users\tahir\OneDrive\Desktop\Jeweller (3)\Jeweller\Jeweller\Backend\node_modules\mongoose\lib\document.js:3118:3)
    at async model.validate (C:\Users\tahir\OneDrive\Desktop\Jeweller (3)\Jeweller\Jeweller\Backend\node_modules\mongoose\lib\document.js:2687:5)
    at async model.validateBeforeSavePreSave (C:\Users\tahir\OneDrive\Desktop\Jeweller (3)\Jeweller\Jeweller\Backend\node_modules\mongoose\lib\plugins\validateBeforeSave.js:39:5)
    at async Kareem.execPre (C:\Users\tahir\OneDrive\Desktop\Jeweller (3)\Jeweller\Jeweller\Backend\node_modules\kareem\index.js:70:24)
    at async model.$__save (C:\Users\tahir\OneDrive\Desktop\Jeweller (3)\Jeweller\Jeweller\Backend\node_modules\mongoose\lib\model.js:371:5)
    at async model.save (C:\Users\tahir\OneDrive\Desktop\Jeweller (3)\Jeweller\Jeweller\Backend\node_modules\mongoose\lib\model.js:614:5)
--------------------------

--- ERROR 2026-03-07T06:43:08.911Z ---
Message: Order validation failed: shippingAddress.pincode: Path `shippingAddress.pincode` is required., shippingAddress.state: Path `shippingAddress.state` is required., shippingAddress.city: Path `shippingAddress.city` is required., shippingAddress.addressLine1: Path `shippingAddress.addressLine1` is required., shippingAddress.phone: Path `shippingAddress.phone` is required., shippingAddress.fullName: Path `shippingAddress.fullName` is required., user: Path `user` is required., items.0.product: Path `product` is required.
Stack: ValidationError: Order validation failed: shippingAddress.pincode: Path `shippingAddress.pincode` is required., shippingAddress.state: Path `shippingAddress.state` is required., shippingAddress.city: Path `shippingAddress.city` is required., shippingAddress.addressLine1: Path `shippingAddress.addressLine1` is required., shippingAddress.phone: Path `shippingAddress.phone` is required., shippingAddress.fullName: Path `shippingAddress.fullName` is required., user: Path `user` is required., items.0.product: Path `product` is required.
    at Document.invalidate (C:\Users\tahir\OneDrive\Desktop\Jeweller (3)\Jeweller\Jeweller\Backend\node_modules\mongoose\lib\document.js:3405:32)
    at validatePath (C:\Users\tahir\OneDrive\Desktop\Jeweller (3)\Jeweller\Jeweller\Backend\node_modules\mongoose\lib\document.js:3177:13)
    at process.processTicksAndRejections (node:internal/process/task_queues:105:5)
    at async Promise.all (index 0)
    at async model.$__validate (C:\Users\tahir\OneDrive\Desktop\Jeweller (3)\Jeweller\Jeweller\Backend\node_modules\mongoose\lib\document.js:3118:3)
    at async model.validate (C:\Users\tahir\OneDrive\Desktop\Jeweller (3)\Jeweller\Jeweller\Backend\node_modules\mongoose\lib\document.js:2687:5)
    at async model.validateBeforeSavePreSave (C:\Users\tahir\OneDrive\Desktop\Jeweller (3)\Jeweller\Jeweller\Backend\node_modules\mongoose\lib\plugins\validateBeforeSave.js:39:5)
    at async Kareem.execPre (C:\Users\tahir\OneDrive\Desktop\Jeweller (3)\Jeweller\Jeweller\Backend\node_modules\kareem\index.js:70:24)
    at async model.$__save (C:\Users\tahir\OneDrive\Desktop\Jeweller (3)\Jeweller\Jeweller\Backend\node_modules\mongoose\lib\model.js:371:5)
    at async model.save (C:\Users\tahir\OneDrive\Desktop\Jeweller (3)\Jeweller\Jeweller\Backend\node_modules\mongoose\lib\model.js:614:5)
--------------------------

--- ERROR 2026-03-07T07:12:04.056Z ---
Message: Not authorized, no token
Stack: Error: Not authorized, no token
    at file:///C:/Users/tahir/OneDrive/Desktop/Jeweller%20(3)/Jeweller/Jeweller/Backend/middleware/authMiddleware.js:31:15
    at asyncUtilWrap (C:\Users\tahir\OneDrive\Desktop\Jeweller (3)\Jeweller\Jeweller\Backend\node_modules\express-async-handler\index.js:3:20)
    at Layer.handleRequest (C:\Users\tahir\OneDrive\Desktop\Jeweller (3)\Jeweller\Jeweller\Backend\node_modules\router\lib\layer.js:152:17)
    at next (C:\Users\tahir\OneDrive\Desktop\Jeweller (3)\Jeweller\Jeweller\Backend\node_modules\router\lib\route.js:157:13)
    at Route.dispatch (C:\Users\tahir\OneDrive\Desktop\Jeweller (3)\Jeweller\Jeweller\Backend\node_modules\router\lib\route.js:117:3)
    at handle (C:\Users\tahir\OneDrive\Desktop\Jeweller (3)\Jeweller\Jeweller\Backend\node_modules\router\index.js:435:11)
    at Layer.handleRequest (C:\Users\tahir\OneDrive\Desktop\Jeweller (3)\Jeweller\Jeweller\Backend\node_modules\router\lib\layer.js:152:17)
    at C:\Users\tahir\OneDrive\Desktop\Jeweller (3)\Jeweller\Jeweller\Backend\node_modules\router\index.js:295:15
    at param (C:\Users\tahir\OneDrive\Desktop\Jeweller (3)\Jeweller\Jeweller\Backend\node_modules\router\index.js:600:14)
    at param (C:\Users\tahir\OneDrive\Desktop\Jeweller (3)\Jeweller\Jeweller\Backend\node_modules\router\index.js:610:14)
--------------------------

--- ERROR 2026-03-07T08:36:04.736Z ---
Message: next is not a function
Stack: TypeError: next is not a function
    at model.<anonymous> (file:///C:/Users/tahir/OneDrive/Desktop/Jeweller%20(3)/Jeweller/Jeweller/Backend/models/productModel.js:114:5)
    at Kareem.execPre (C:\Users\tahir\OneDrive\Desktop\Jeweller (3)\Jeweller\Jeweller\Backend\node_modules\kareem\index.js:68:39)
    at process.processTicksAndRejections (node:internal/process/task_queues:105:5)
    at async model.$__save (C:\Users\tahir\OneDrive\Desktop\Jeweller (3)\Jeweller\Jeweller\Backend\node_modules\mongoose\lib\model.js:371:5)
    at async model.save (C:\Users\tahir\OneDrive\Desktop\Jeweller (3)\Jeweller\Jeweller\Backend\node_modules\mongoose\lib\model.js:614:5)
    at async file:///C:/Users/tahir/OneDrive/Desktop/Jeweller%20(3)/Jeweller/Jeweller/Backend/routes/productRoutes.js:291:28
--------------------------

--- ERROR 2026-03-07T08:36:17.641Z ---
Message: next is not a function
Stack: TypeError: next is not a function
    at model.<anonymous> (file:///C:/Users/tahir/OneDrive/Desktop/Jeweller%20(3)/Jeweller/Jeweller/Backend/models/productModel.js:114:5)
    at Kareem.execPre (C:\Users\tahir\OneDrive\Desktop\Jeweller (3)\Jeweller\Jeweller\Backend\node_modules\kareem\index.js:68:39)
    at process.processTicksAndRejections (node:internal/process/task_queues:105:5)
    at async model.$__save (C:\Users\tahir\OneDrive\Desktop\Jeweller (3)\Jeweller\Jeweller\Backend\node_modules\mongoose\lib\model.js:371:5)
    at async model.save (C:\Users\tahir\OneDrive\Desktop\Jeweller (3)\Jeweller\Jeweller\Backend\node_modules\mongoose\lib\model.js:614:5)
    at async file:///C:/Users/tahir/OneDrive/Desktop/Jeweller%20(3)/Jeweller/Jeweller/Backend/routes/productRoutes.js:291:28
--------------------------

--- ERROR 2026-03-08T05:36:17.481Z ---
Message: next is not a function
Stack: TypeError: next is not a function
    at model.<anonymous> (file:///C:/Users/tahir/OneDrive/Desktop/Jeweller%20(3)/Jeweller/Jeweller/Backend/models/productModel.js:118:5)
    at Kareem.execPre (C:\Users\tahir\OneDrive\Desktop\Jeweller (3)\Jeweller\Jeweller\Backend\node_modules\kareem\index.js:68:39)
    at process.processTicksAndRejections (node:internal/process/task_queues:105:5)
    at async model.$__save (C:\Users\tahir\OneDrive\Desktop\Jeweller (3)\Jeweller\Jeweller\Backend\node_modules\mongoose\lib\model.js:371:5)
    at async model.save (C:\Users\tahir\OneDrive\Desktop\Jeweller (3)\Jeweller\Jeweller\Backend\node_modules\mongoose\lib\model.js:614:5)
    at async file:///C:/Users/tahir/OneDrive/Desktop/Jeweller%20(3)/Jeweller/Jeweller/Backend/routes/productRoutes.js:298:28
--------------------------

--- ERROR 2026-03-08T05:36:22.261Z ---
Message: next is not a function
Stack: TypeError: next is not a function
    at model.<anonymous> (file:///C:/Users/tahir/OneDrive/Desktop/Jeweller%20(3)/Jeweller/Jeweller/Backend/models/productModel.js:118:5)
    at Kareem.execPre (C:\Users\tahir\OneDrive\Desktop\Jeweller (3)\Jeweller\Jeweller\Backend\node_modules\kareem\index.js:68:39)
    at process.processTicksAndRejections (node:internal/process/task_queues:105:5)
    at async model.$__save (C:\Users\tahir\OneDrive\Desktop\Jeweller (3)\Jeweller\Jeweller\Backend\node_modules\mongoose\lib\model.js:371:5)
    at async model.save (C:\Users\tahir\OneDrive\Desktop\Jeweller (3)\Jeweller\Jeweller\Backend\node_modules\mongoose\lib\model.js:614:5)
    at async file:///C:/Users/tahir/OneDrive/Desktop/Jeweller%20(3)/Jeweller/Jeweller/Backend/routes/productRoutes.js:298:28
--------------------------

--- ERROR 2026-03-08T05:38:31.200Z ---
Message: next is not a function
Stack: TypeError: next is not a function
    at model.<anonymous> (file:///C:/Users/tahir/OneDrive/Desktop/Jeweller%20(3)/Jeweller/Jeweller/Backend/models/productModel.js:118:5)
    at Kareem.execPre (C:\Users\tahir\OneDrive\Desktop\Jeweller (3)\Jeweller\Jeweller\Backend\node_modules\kareem\index.js:68:39)
    at process.processTicksAndRejections (node:internal/process/task_queues:105:5)
    at async model.$__save (C:\Users\tahir\OneDrive\Desktop\Jeweller (3)\Jeweller\Jeweller\Backend\node_modules\mongoose\lib\model.js:371:5)
    at async model.save (C:\Users\tahir\OneDrive\Desktop\Jeweller (3)\Jeweller\Jeweller\Backend\node_modules\mongoose\lib\model.js:614:5)
    at async file:///C:/Users/tahir/OneDrive/Desktop/Jeweller%20(3)/Jeweller/Jeweller/Backend/routes/productRoutes.js:298:28
--------------------------

--- ERROR 2026-03-08T05:38:33.576Z ---
Message: next is not a function
Stack: TypeError: next is not a function
    at model.<anonymous> (file:///C:/Users/tahir/OneDrive/Desktop/Jeweller%20(3)/Jeweller/Jeweller/Backend/models/productModel.js:118:5)
    at Kareem.execPre (C:\Users\tahir\OneDrive\Desktop\Jeweller (3)\Jeweller\Jeweller\Backend\node_modules\kareem\index.js:68:39)
    at process.processTicksAndRejections (node:internal/process/task_queues:105:5)
    at async model.$__save (C:\Users\tahir\OneDrive\Desktop\Jeweller (3)\Jeweller\Jeweller\Backend\node_modules\mongoose\lib\model.js:371:5)
    at async model.save (C:\Users\tahir\OneDrive\Desktop\Jeweller (3)\Jeweller\Jeweller\Backend\node_modules\mongoose\lib\model.js:614:5)
    at async file:///C:/Users/tahir/OneDrive/Desktop/Jeweller%20(3)/Jeweller/Jeweller/Backend/routes/productRoutes.js:298:28
--------------------------

--- ERROR 2026-03-08T05:38:39.431Z ---
Message: next is not a function
Stack: TypeError: next is not a function
    at model.<anonymous> (file:///C:/Users/tahir/OneDrive/Desktop/Jeweller%20(3)/Jeweller/Jeweller/Backend/models/productModel.js:118:5)
    at Kareem.execPre (C:\Users\tahir\OneDrive\Desktop\Jeweller (3)\Jeweller\Jeweller\Backend\node_modules\kareem\index.js:68:39)
    at process.processTicksAndRejections (node:internal/process/task_queues:105:5)
    at async model.$__save (C:\Users\tahir\OneDrive\Desktop\Jeweller (3)\Jeweller\Jeweller\Backend\node_modules\mongoose\lib\model.js:371:5)
    at async model.save (C:\Users\tahir\OneDrive\Desktop\Jeweller (3)\Jeweller\Jeweller\Backend\node_modules\mongoose\lib\model.js:614:5)
    at async file:///C:/Users/tahir/OneDrive/Desktop/Jeweller%20(3)/Jeweller/Jeweller/Backend/routes/productRoutes.js:298:28
--------------------------

--- ERROR 2026-03-08T05:40:58.537Z ---
Message: next is not a function
Stack: TypeError: next is not a function
    at model.<anonymous> (file:///C:/Users/tahir/OneDrive/Desktop/Jeweller%20(3)/Jeweller/Jeweller/Backend/models/productModel.js:118:5)
    at Kareem.execPre (C:\Users\tahir\OneDrive\Desktop\Jeweller (3)\Jeweller\Jeweller\Backend\node_modules\kareem\index.js:68:39)
    at process.processTicksAndRejections (node:internal/process/task_queues:105:5)
    at async model.$__save (C:\Users\tahir\OneDrive\Desktop\Jeweller (3)\Jeweller\Jeweller\Backend\node_modules\mongoose\lib\model.js:371:5)
    at async model.save (C:\Users\tahir\OneDrive\Desktop\Jeweller (3)\Jeweller\Jeweller\Backend\node_modules\mongoose\lib\model.js:614:5)
    at async file:///C:/Users/tahir/OneDrive/Desktop/Jeweller%20(3)/Jeweller/Jeweller/Backend/routes/productRoutes.js:298:28
--------------------------

--- ERROR 2026-03-08T05:41:21.057Z ---
Message: next is not a function
Stack: TypeError: next is not a function
    at model.<anonymous> (file:///C:/Users/tahir/OneDrive/Desktop/Jeweller%20(3)/Jeweller/Jeweller/Backend/models/productModel.js:118:5)
    at Kareem.execPre (C:\Users\tahir\OneDrive\Desktop\Jeweller (3)\Jeweller\Jeweller\Backend\node_modules\kareem\index.js:68:39)
    at process.processTicksAndRejections (node:internal/process/task_queues:105:5)
    at async model.$__save (C:\Users\tahir\OneDrive\Desktop\Jeweller (3)\Jeweller\Jeweller\Backend\node_modules\mongoose\lib\model.js:371:5)
    at async model.save (C:\Users\tahir\OneDrive\Desktop\Jeweller (3)\Jeweller\Jeweller\Backend\node_modules\mongoose\lib\model.js:614:5)
    at async file:///C:/Users/tahir/OneDrive/Desktop/Jeweller%20(3)/Jeweller/Jeweller/Backend/routes/productRoutes.js:298:28
--------------------------

--- ERROR 2026-03-08T08:47:25.481Z ---
Message: Order not found
Stack: Error: Order not found
    at file:///C:/Users/tahir/OneDrive/Desktop/Jeweller%20(3)/Jeweller/Jeweller/Backend/routes/orderRoutes.js:168:15
    at process.processTicksAndRejections (node:internal/process/task_queues:105:5)
--------------------------

--- ERROR 2026-03-08T08:47:25.488Z ---
Message: Order not found
Stack: Error: Order not found
    at file:///C:/Users/tahir/OneDrive/Desktop/Jeweller%20(3)/Jeweller/Jeweller/Backend/routes/orderRoutes.js:168:15
    at process.processTicksAndRejections (node:internal/process/task_queues:105:5)
--------------------------

--- ERROR 2026-03-08T09:24:27.287Z ---
Message: User not found
Stack: Error: User not found
    at file:///C:/Users/tahir/OneDrive/Desktop/Jeweller%20(3)/Jeweller/Jeweller/Backend/middleware/authMiddleware.js:22:19
    at process.processTicksAndRejections (node:internal/process/task_queues:105:5)
--------------------------

--- ERROR 2026-03-08T09:24:57.883Z ---
Message: Invalid email or password
Stack: Error: Invalid email or password
    at file:///C:/Users/tahir/OneDrive/Desktop/Jeweller%20(3)/Jeweller/Jeweller/Backend/routes/userRoutes.js:134:15
    at process.processTicksAndRejections (node:internal/process/task_queues:105:5)
--------------------------

--- ERROR 2026-03-08T09:27:32.719Z ---
Message: TempUser validation failed: name: Path `name` is required.
Stack: ValidationError: TempUser validation failed: name: Path `name` is required.
    at Document.invalidate (C:\Users\tahir\OneDrive\Desktop\Jeweller (3)\Jeweller\Jeweller\Backend\node_modules\mongoose\lib\document.js:3405:32)
    at validatePath (C:\Users\tahir\OneDrive\Desktop\Jeweller (3)\Jeweller\Jeweller\Backend\node_modules\mongoose\lib\document.js:3177:13)
    at process.processTicksAndRejections (node:internal/process/task_queues:105:5)
    at async Promise.all (index 0)
    at async model.$__validate (C:\Users\tahir\OneDrive\Desktop\Jeweller (3)\Jeweller\Jeweller\Backend\node_modules\mongoose\lib\document.js:3118:3)
    at async model.validate (C:\Users\tahir\OneDrive\Desktop\Jeweller (3)\Jeweller\Jeweller\Backend\node_modules\mongoose\lib\document.js:2687:5)
    at async model.validateBeforeSavePreSave (C:\Users\tahir\OneDrive\Desktop\Jeweller (3)\Jeweller\Jeweller\Backend\node_modules\mongoose\lib\plugins\validateBeforeSave.js:39:5)
    at async Kareem.execPre (C:\Users\tahir\OneDrive\Desktop\Jeweller (3)\Jeweller\Jeweller\Backend\node_modules\kareem\index.js:70:24)
    at async model.$__save (C:\Users\tahir\OneDrive\Desktop\Jeweller (3)\Jeweller\Jeweller\Backend\node_modules\mongoose\lib\model.js:371:5)
    at async model.save (C:\Users\tahir\OneDrive\Desktop\Jeweller (3)\Jeweller\Jeweller\Backend\node_modules\mongoose\lib\model.js:614:5)
--------------------------

--- ERROR 2026-03-08T09:31:11.958Z ---
Message: E11000 duplicate key error collection: test.carts index: user_1 dup key: { user: ObjectId('69ad412c2086607f0eccf947') }
Stack: MongoServerError: E11000 duplicate key error collection: test.carts index: user_1 dup key: { user: ObjectId('69ad412c2086607f0eccf947') }
    at InsertOneOperation.handleOk (C:\Users\tahir\OneDrive\Desktop\Jeweller (3)\Jeweller\Jeweller\Backend\node_modules\mongodb\lib\operations\insert.js:51:19)
    at tryOperation (C:\Users\tahir\OneDrive\Desktop\Jeweller (3)\Jeweller\Jeweller\Backend\node_modules\mongodb\lib\operations\execute_operation.js:216:34)
    at process.processTicksAndRejections (node:internal/process/task_queues:105:5)
    at async executeOperation (C:\Users\tahir\OneDrive\Desktop\Jeweller (3)\Jeweller\Jeweller\Backend\node_modules\mongodb\lib\operations\execute_operation.js:80:16)
    at async Collection.insertOne (C:\Users\tahir\OneDrive\Desktop\Jeweller (3)\Jeweller\Jeweller\Backend\node_modules\mongodb\lib\collection.js:154:16)
    at async model.$__save (C:\Users\tahir\OneDrive\Desktop\Jeweller (3)\Jeweller\Jeweller\Backend\node_modules\mongoose\lib\model.js:400:16)
    at async model.save (C:\Users\tahir\OneDrive\Desktop\Jeweller (3)\Jeweller\Jeweller\Backend\node_modules\mongoose\lib\model.js:614:5)
    at async C:\Users\tahir\OneDrive\Desktop\Jeweller (3)\Jeweller\Jeweller\Backend\node_modules\mongoose\lib\model.js:2750:9
    at async Promise.all (index 0)
    at async model.create (C:\Users\tahir\OneDrive\Desktop\Jeweller (3)\Jeweller\Jeweller\Backend\node_modules\mongoose\lib\model.js:2735:11)
--------------------------
